TN:
SF:config/security.js
FNF:0
FNH:0
DA:1,2
DA:56,2
LF:2
LH:2
BRDA:32,0,0,2
BRDA:32,0,1,2
BRF:2
BRH:2
end_of_record
TN:
SF:routes/bracelet.js
FN:4,braceletRoutes
FN:6,(anonymous_1)
FN:21,(anonymous_2)
FN:45,(anonymous_3)
FN:67,(anonymous_4)
FN:86,(anonymous_5)
FN:108,(anonymous_6)
FN:121,(anonymous_7)
FN:127,(anonymous_8)
FNF:9
FNH:4
FNDA:2,braceletRoutes
FNDA:0,(anonymous_1)
FNDA:2,(anonymous_2)
FNDA:0,(anonymous_3)
FNDA:0,(anonymous_4)
FNDA:0,(anonymous_5)
FNDA:0,(anonymous_6)
FNDA:1,(anonymous_7)
FNDA:2,(anonymous_8)
DA:1,2
DA:2,2
DA:6,2
DA:7,0
DA:9,0
DA:17,0
DA:21,2
DA:22,2
DA:23,2
DA:38,2
DA:39,1
DA:41,1
DA:45,2
DA:46,0
DA:47,0
DA:50,0
DA:60,0
DA:61,0
DA:67,0
DA:68,0
DA:69,0
DA:82,0
DA:86,2
DA:87,0
DA:88,0
DA:90,0
DA:108,0
DA:109,0
DA:110,0
DA:117,0
DA:121,2
DA:122,1
DA:123,1
DA:127,2
DA:128,2
DA:129,2
DA:132,2
DA:133,2
DA:134,1
DA:137,1
DA:138,1
DA:145,1
DA:147,0
DA:151,2
DA:154,2
LF:45
LH:25
BRDA:38,0,0,1
BRDA:38,0,1,1
BRDA:60,1,0,0
BRDA:60,1,1,0
BRDA:68,2,0,0
BRDA:68,2,1,0
BRDA:109,3,0,0
BRDA:109,3,1,0
BRDA:133,4,0,1
BRDA:133,4,1,1
BRDA:133,5,0,2
BRDA:133,5,1,2
BRDA:141,6,0,1
BRDA:141,6,1,1
BRDA:142,7,0,1
BRDA:142,7,1,1
BRF:16
BRH:10
end_of_record
TN:
SF:routes/floorplan.js
FN:3,floorPlanRoutes
FN:5,(anonymous_1)
FN:14,(anonymous_2)
FN:29,(anonymous_3)
FN:50,(anonymous_4)
FN:61,(anonymous_5)
FNF:6
FNH:1
FNDA:2,floorPlanRoutes
FNDA:0,(anonymous_1)
FNDA:0,(anonymous_2)
FNDA:0,(anonymous_3)
FNDA:0,(anonymous_4)
FNDA:0,(anonymous_5)
DA:1,2
DA:5,2
DA:6,0
DA:8,0
DA:14,0
DA:25,0
DA:29,2
DA:30,0
DA:32,0
DA:50,2
DA:51,0
DA:52,0
DA:54,0
DA:61,2
DA:62,0
DA:64,0
DA:85,2
DA:88,2
LF:18
LH:7
BRF:0
BRH:0
end_of_record
TN:
SF:utils/buildServer.ts
FN:11,build
FN:20,(anonymous_2)
FN:47,(anonymous_3)
FN:56,(anonymous_4)
FN:91,(anonymous_5)
FN:134,(anonymous_6)
FN:141,(anonymous_7)
FNF:7
FNH:6
FNDA:2,build
FNDA:7,(anonymous_2)
FNDA:6,(anonymous_3)
FNDA:5,(anonymous_4)
FNDA:3,(anonymous_5)
FNDA:2,(anonymous_6)
FNDA:0,(anonymous_7)
DA:1,2
DA:2,2
DA:3,2
DA:4,2
DA:5,2
DA:6,2
DA:7,2
DA:8,2
DA:9,2
DA:11,2
DA:12,2
DA:13,2
DA:20,2
DA:21,7
DA:22,7
DA:23,7
DA:25,0
DA:30,2
DA:33,2
DA:34,2
DA:44,2
DA:47,2
DA:48,6
DA:49,6
DA:51,1
DA:56,2
DA:57,5
DA:59,5
DA:60,1
DA:63,4
DA:65,4
DA:66,4
DA:70,4
DA:71,0
DA:74,4
DA:75,4
DA:76,1
DA:79,3
DA:84,3
DA:86,0
DA:87,0
DA:91,2
DA:92,3
DA:93,3
DA:94,3
DA:95,1
DA:98,2
DA:99,1
DA:100,0
DA:104,1
DA:105,1
DA:109,1
DA:112,0
DA:113,0
DA:115,0
DA:116,0
DA:117,0
DA:118,0
DA:121,0
DA:126,0
DA:128,1
DA:129,1
DA:134,2
DA:135,2
DA:136,2
DA:137,2
DA:141,2
DA:142,0
DA:143,0
DA:146,2
LF:70
LH:55
BRDA:35,0,0,2
BRDA:35,0,1,0
BRDA:59,1,0,1
BRDA:59,2,0,5
BRDA:59,2,1,5
BRDA:70,3,0,0
BRDA:75,4,0,1
BRDA:94,5,0,1
BRDA:99,6,0,0
BRDA:99,7,0,1
BRDA:99,7,1,1
BRDA:99,7,2,1
BRDA:99,7,3,1
BRDA:104,8,0,1
BRDA:104,9,0,1
BRDA:104,9,1,0
BRDA:112,10,0,0
BRDA:117,11,0,0
BRF:18
BRH:12
end_of_record
TN:
SF:utils/security.js
FN:9,(anonymous_0)
FN:27,(anonymous_1)
FN:47,(anonymous_2)
FN:53,(anonymous_3)
FN:62,(anonymous_4)
FN:66,(anonymous_5)
FN:72,(anonymous_6)
FN:91,(anonymous_7)
FN:95,(anonymous_8)
FNF:9
FNH:3
FNDA:0,(anonymous_0)
FNDA:0,(anonymous_1)
FNDA:2,(anonymous_2)
FNDA:4,(anonymous_3)
FNDA:4,(anonymous_4)
FNDA:0,(anonymous_5)
FNDA:0,(anonymous_6)
FNDA:0,(anonymous_7)
FNDA:0,(anonymous_8)
DA:1,2
DA:2,2
DA:3,2
DA:5,2
DA:8,2
DA:10,0
DA:11,0
DA:13,0
DA:14,0
DA:16,0
DA:17,0
DA:19,0
DA:28,0
DA:29,0
DA:34,0
DA:36,0
DA:41,0
DA:46,2
DA:48,2
DA:49,2
DA:50,2
DA:54,4
DA:55,4
DA:56,4
DA:61,2
DA:63,4
DA:67,0
DA:73,0
DA:74,0
DA:82,0
DA:90,2
DA:92,0
DA:96,0
DA:100,2
LF:34
LH:16
BRDA:76,0,0,0
BRDA:76,0,1,0
BRDA:77,1,0,0
BRDA:77,1,1,0
BRDA:78,2,0,0
BRDA:78,2,1,0
BRDA:79,3,0,0
BRDA:79,3,1,0
BRF:8
BRH:0
end_of_record
